<?xml version="1.0" encoding="UTF-8"?>
<!-- Generated by org.testng.reporters.JUnitReportReporter -->
<testsuite hostname="DESKTOP-M2I8052" failures="0" tests="1" name="testCases.TicketPage" time="9.244" errors="0" timestamp="2021-10-25T14:31:26 IST" skipped="0">
  <testcase classname="testCases.TicketPage" name="Login" time="9.244"/>
  <system-out/>
</testsuite> <!-- testCases.TicketPage -->
